{"/Users/julfleischer/GithubWorkspace/paypal/legalize.js/src/legalize-node.js":{"path":"/Users/julfleischer/GithubWorkspace/paypal/legalize.js/src/legalize-node.js","s":{"1":1,"2":1},"b":{},"f":{},"fnMap":{},"statementMap":{"1":{"start":{"line":17,"column":0},"end":{"line":17,"column":48}},"2":{"start":{"line":19,"column":0},"end":{"line":19,"column":59}}},"branchMap":{}},"/Users/julfleischer/GithubWorkspace/paypal/legalize.js/src/legalize.js":{"path":"/Users/julfleischer/GithubWorkspace/paypal/legalize.js/src/legalize.js","s":{"1":1,"2":1,"3":1,"4":1,"5":1,"6":2,"7":554,"8":1,"9":20909,"10":2393,"11":18516,"12":179,"13":18337,"14":1,"15":12,"16":4,"17":8,"18":1,"19":1,"20":5,"21":1,"22":4,"23":1,"24":3,"25":1,"26":1,"27":1183,"28":1,"29":7961,"30":1,"31":15,"32":1,"33":207,"34":1,"35":11283,"36":1,"37":1482,"38":1,"39":12,"40":12,"41":1,"42":6,"43":1,"44":971,"45":774,"46":197,"47":195,"48":2,"49":1,"50":926,"51":1,"52":37,"53":1,"54":1,"55":2834,"56":2834,"57":1358,"58":126,"59":1476,"60":1476,"61":8582,"62":8582,"63":1,"64":1794,"65":8667,"66":8667,"67":1,"68":496,"69":496,"70":992,"71":992,"72":7185,"73":134,"74":142,"75":134,"76":77,"77":57,"78":7051,"79":23,"80":7028,"81":496,"82":1,"83":437,"84":184,"85":1303,"86":437,"87":1,"88":33,"89":23,"90":10,"91":4,"92":6,"93":6,"94":10,"95":10,"96":2,"97":4,"98":1,"99":216,"100":5,"101":211,"102":195,"103":16,"104":2,"105":14,"106":2,"107":2,"108":12,"109":10,"110":2,"111":1,"112":50,"113":434,"114":434,"115":434,"116":434,"117":434,"118":464,"119":464,"120":260,"121":41,"122":260,"123":260,"124":260,"125":260,"126":464,"127":464,"128":434,"129":1,"130":4,"131":37,"132":37,"133":37,"134":1,"135":10,"136":71,"137":71,"138":71,"139":1,"140":25,"141":57,"142":54,"143":1,"144":2,"145":2,"146":1,"147":9,"148":250,"149":250,"150":1,"151":3,"152":8,"153":8,"154":4,"155":1,"156":260,"157":1,"158":1,"159":1,"160":1,"161":1,"162":10,"163":10,"164":1,"165":1,"166":1,"167":3,"168":2,"169":2,"170":2,"171":2,"172":0,"173":1,"174":2,"175":2,"176":10,"177":10,"178":10,"179":1,"180":9,"181":1,"182":1,"183":1,"184":1,"185":1,"186":173,"187":173,"188":173,"189":168,"190":5,"191":5,"192":0,"193":5,"194":173,"195":173,"196":1,"197":248,"198":248,"199":248,"200":248,"201":1,"202":149,"203":1,"204":9,"205":1,"206":112,"207":112,"208":0,"209":0,"210":112,"211":1,"212":136,"213":248,"214":248,"215":26,"216":25,"217":1,"218":1,"219":0,"220":222,"221":1,"222":221,"223":221,"224":1,"225":2,"226":2,"227":2,"228":0,"229":1,"230":220,"231":8,"232":220,"233":220,"234":12,"235":220,"236":78,"237":75,"238":3,"239":3,"240":145,"241":145,"242":3,"243":2,"244":143,"245":143,"246":3,"247":1,"248":142,"249":142,"250":10,"251":16,"252":7,"253":3,"254":132,"255":132,"256":54,"257":54,"258":54,"259":0,"260":0,"261":0,"262":54,"263":33,"264":21,"265":21,"266":21,"267":132,"268":21,"269":111,"270":20,"271":20,"272":20,"273":46,"274":46,"275":5,"276":5,"277":0,"278":5,"279":46,"280":20,"281":20,"282":26,"283":5,"284":5,"285":5,"286":0,"287":5,"288":5,"289":3,"290":0,"291":5,"292":0,"293":20,"294":5,"295":15,"296":91,"297":24,"298":24,"299":24,"300":24,"301":24,"302":9,"303":17,"304":17,"305":17,"306":18,"307":18,"308":15,"309":15,"310":17,"311":2,"312":15,"313":15,"314":4,"315":9,"316":9,"317":9,"318":9,"319":9,"320":4,"321":4,"322":9,"323":4,"324":5,"325":11,"326":24,"327":4,"328":20,"329":1,"330":5,"331":1,"332":2,"333":4,"334":1,"335":3,"336":3,"337":102,"338":3,"339":3,"340":3,"341":0,"342":0,"343":0,"344":3,"345":1,"346":2,"347":102,"348":4,"349":102,"350":173,"351":1,"352":107,"353":8,"354":10,"355":99,"356":107,"357":173,"358":173,"359":173,"360":173,"361":170,"362":3,"363":3,"364":1,"365":1,"366":1,"367":1},"b":{"1":[2393,18516],"2":[179,18337],"3":[4,8],"4":[1,1,5,1],"5":[1,4],"6":[1,3],"7":[1482,1480],"8":[774,197],"9":[971,199],"10":[195,2],"11":[926,926],"12":[1358,1476],"13":[134,7051],"14":[77,57],"15":[23,7028],"16":[7051,23],"17":[184,253],"18":[23,10],"19":[33,33],"20":[23,9,1],"21":[4,6],"22":[2,8],"23":[5,211],"24":[195,16],"25":[211,195],"26":[2,14],"27":[2,12],"28":[10,2],"29":[165,299],"30":[260,204],"31":[10,0],"32":[10,4],"33":[1,9],"34":[1,172],"35":[2,170],"36":[6,167],"37":[168,5],"38":[0,5],"39":[248,242],"40":[6,3],"41":[0,112],"42":[112,0,0],"43":[26,222],"44":[25,1],"45":[1,0],"46":[1,221],"47":[1,220],"48":[0,2],"49":[12,208],"50":[78,142],"51":[220,196],"52":[75,3],"53":[2,1],"54":[1,2],"55":[10,132],"56":[7,9],"57":[33,21],"58":[21,0],"59":[21,111],"60":[20,91],"61":[5,41],"62":[5,0],"63":[0,5],"64":[5,0],"65":[0,20],"66":[5,21],"67":[0,5],"68":[5,0],"69":[5,0],"70":[3,2],"71":[0,5],"72":[5,15],"73":[24,67],"74":[9,15],"75":[15,3],"76":[2,15],"77":[4,11],"78":[4,5],"79":[4,5],"80":[4,20],"81":[1,4],"82":[1,3],"83":[3,0],"84":[1,2],"85":[8,99],"86":[97,76],"87":[168,5],"88":[170,3]},"f":{"1":2,"2":554,"3":20909,"4":12,"5":1183,"6":7961,"7":15,"8":207,"9":11283,"10":1482,"11":12,"12":6,"13":971,"14":926,"15":37,"16":2834,"17":1794,"18":8667,"19":496,"20":7185,"21":142,"22":437,"23":1303,"24":33,"25":216,"26":50,"27":434,"28":464,"29":41,"30":4,"31":37,"32":10,"33":71,"34":25,"35":57,"36":54,"37":2,"38":2,"39":9,"40":250,"41":3,"42":8,"43":8,"44":4,"45":260,"46":10,"47":10,"48":1,"49":1,"50":3,"51":2,"52":2,"53":0,"54":2,"55":173,"56":248,"57":149,"58":9,"59":112,"60":136,"61":8,"62":54,"63":46,"64":26,"65":17,"66":9,"67":5,"68":2,"69":3,"70":4,"71":107,"72":10,"73":3},"fnMap":{"1":{"name":"not","line":29,"loc":{"start":{"line":29,"column":0},"end":{"line":29,"column":16}}},"2":{"name":"(anonymous_2)","line":29,"loc":{"start":{"line":29,"column":25},"end":{"line":29,"column":38}}},"3":{"name":"typeOf","line":31,"loc":{"start":{"line":31,"column":0},"end":{"line":31,"column":23}}},"4":{"name":"cast","line":40,"loc":{"start":{"line":40,"column":0},"end":{"line":40,"column":27}}},"5":{"name":"isFunction","line":54,"loc":{"start":{"line":54,"column":0},"end":{"line":54,"column":28}}},"6":{"name":"isObject","line":55,"loc":{"start":{"line":55,"column":0},"end":{"line":55,"column":28}}},"7":{"name":"isNumber","line":56,"loc":{"start":{"line":56,"column":0},"end":{"line":56,"column":28}}},"8":{"name":"isString","line":57,"loc":{"start":{"line":57,"column":0},"end":{"line":57,"column":28}}},"9":{"name":"isArray","line":58,"loc":{"start":{"line":58,"column":0},"end":{"line":58,"column":28}}},"10":{"name":"isUndefined","line":59,"loc":{"start":{"line":59,"column":0},"end":{"line":59,"column":28}}},"11":{"name":"isNumeric","line":60,"loc":{"start":{"line":60,"column":0},"end":{"line":60,"column":28}}},"12":{"name":"isInteger","line":68,"loc":{"start":{"line":68,"column":0},"end":{"line":68,"column":28}}},"13":{"name":"getLength","line":69,"loc":{"start":{"line":69,"column":0},"end":{"line":69,"column":26}}},"14":{"name":"isEmpty","line":74,"loc":{"start":{"line":74,"column":0},"end":{"line":74,"column":28}}},"15":{"name":"is","line":75,"loc":{"start":{"line":75,"column":0},"end":{"line":75,"column":28}}},"16":{"name":"applyEach","line":82,"loc":{"start":{"line":82,"column":0},"end":{"line":82,"column":32}}},"17":{"name":"forEach","line":103,"loc":{"start":{"line":103,"column":0},"end":{"line":103,"column":30}}},"18":{"name":"(anonymous_18)","line":104,"loc":{"start":{"line":104,"column":21},"end":{"line":104,"column":43}}},"19":{"name":"merge","line":110,"loc":{"start":{"line":110,"column":0},"end":{"line":110,"column":17}}},"20":{"name":"(anonymous_20)","line":114,"loc":{"start":{"line":114,"column":22},"end":{"line":114,"column":44}}},"21":{"name":"(anonymous_21)","line":116,"loc":{"start":{"line":116,"column":26},"end":{"line":116,"column":39}}},"22":{"name":"copy","line":132,"loc":{"start":{"line":132,"column":0},"end":{"line":132,"column":25}}},"23":{"name":"(anonymous_23)","line":134,"loc":{"start":{"line":134,"column":22},"end":{"line":134,"column":44}}},"24":{"name":"equals","line":141,"loc":{"start":{"line":141,"column":0},"end":{"line":141,"column":29}}},"25":{"name":"compile","line":167,"loc":{"start":{"line":167,"column":0},"end":{"line":167,"column":25}}},"26":{"name":"makeSchemaBuilder","line":189,"loc":{"start":{"line":189,"column":0},"end":{"line":189,"column":44}}},"27":{"name":"(anonymous_27)","line":190,"loc":{"start":{"line":190,"column":11},"end":{"line":190,"column":23}}},"28":{"name":"(anonymous_28)","line":195,"loc":{"start":{"line":195,"column":22},"end":{"line":195,"column":47}}},"29":{"name":"(anonymous_29)","line":198,"loc":{"start":{"line":198,"column":32},"end":{"line":198,"column":50}}},"30":{"name":"makeProperty","line":213,"loc":{"start":{"line":213,"column":0},"end":{"line":213,"column":32}}},"31":{"name":"(anonymous_31)","line":214,"loc":{"start":{"line":214,"column":29},"end":{"line":214,"column":49}}},"32":{"name":"makeArrayProperty","line":221,"loc":{"start":{"line":221,"column":0},"end":{"line":221,"column":37}}},"33":{"name":"(anonymous_33)","line":222,"loc":{"start":{"line":222,"column":29},"end":{"line":222,"column":49}}},"34":{"name":"makeCheck","line":229,"loc":{"start":{"line":229,"column":0},"end":{"line":229,"column":30}}},"35":{"name":"(anonymous_35)","line":230,"loc":{"start":{"line":230,"column":29},"end":{"line":230,"column":49}}},"36":{"name":"(anonymous_36)","line":232,"loc":{"start":{"line":232,"column":20},"end":{"line":232,"column":38}}},"37":{"name":"makeMatchCheck","line":239,"loc":{"start":{"line":239,"column":0},"end":{"line":239,"column":33}}},"38":{"name":"(anonymous_38)","line":240,"loc":{"start":{"line":240,"column":21},"end":{"line":240,"column":39}}},"39":{"name":"bind","line":245,"loc":{"start":{"line":245,"column":0},"end":{"line":245,"column":29}}},"40":{"name":"(anonymous_40)","line":248,"loc":{"start":{"line":248,"column":11},"end":{"line":248,"column":23}}},"41":{"name":"withLengthChecks","line":254,"loc":{"start":{"line":254,"column":0},"end":{"line":254,"column":38}}},"42":{"name":"(anonymous_42)","line":256,"loc":{"start":{"line":256,"column":29},"end":{"line":256,"column":57}}},"43":{"name":"(anonymous_43)","line":260,"loc":{"start":{"line":260,"column":29},"end":{"line":260,"column":57}}},"44":{"name":"(anonymous_44)","line":264,"loc":{"start":{"line":264,"column":26},"end":{"line":264,"column":54}}},"45":{"name":"rootSchema","line":270,"loc":{"start":{"line":270,"column":0},"end":{"line":270,"column":22}}},"46":{"name":"(anonymous_46)","line":324,"loc":{"start":{"line":324,"column":19},"end":{"line":324,"column":47}}},"47":{"name":"(anonymous_47)","line":328,"loc":{"start":{"line":328,"column":19},"end":{"line":328,"column":47}}},"48":{"name":"(anonymous_48)","line":332,"loc":{"start":{"line":332,"column":23},"end":{"line":332,"column":51}}},"49":{"name":"(anonymous_49)","line":336,"loc":{"start":{"line":336,"column":22},"end":{"line":336,"column":50}}},"50":{"name":"(anonymous_50)","line":348,"loc":{"start":{"line":348,"column":21},"end":{"line":348,"column":49}}},"51":{"name":"(anonymous_51)","line":354,"loc":{"start":{"line":354,"column":25},"end":{"line":354,"column":43}}},"52":{"name":"(anonymous_52)","line":359,"loc":{"start":{"line":359,"column":25},"end":{"line":359,"column":43}}},"53":{"name":"(anonymous_53)","line":369,"loc":{"start":{"line":369,"column":23},"end":{"line":369,"column":41}}},"54":{"name":"(anonymous_54)","line":382,"loc":{"start":{"line":382,"column":22},"end":{"line":382,"column":40}}},"55":{"name":"validate","line":421,"loc":{"start":{"line":421,"column":0},"end":{"line":421,"column":52}}},"56":{"name":"_validate","line":459,"loc":{"start":{"line":459,"column":4},"end":{"line":459,"column":44}}},"57":{"name":"makeInfoMessageObject","line":475,"loc":{"start":{"line":475,"column":8},"end":{"line":475,"column":63}}},"58":{"name":"issueWarning","line":486,"loc":{"start":{"line":486,"column":8},"end":{"line":486,"column":57}}},"59":{"name":"makeError","line":492,"loc":{"start":{"line":492,"column":8},"end":{"line":492,"column":64}}},"60":{"name":"makeValue","line":508,"loc":{"start":{"line":508,"column":8},"end":{"line":508,"column":39}}},"61":{"name":"(anonymous_61)","line":551,"loc":{"start":{"line":551,"column":39},"end":{"line":551,"column":60}}},"62":{"name":"(anonymous_62)","line":616,"loc":{"start":{"line":616,"column":31},"end":{"line":616,"column":48}}},"63":{"name":"(anonymous_63)","line":646,"loc":{"start":{"line":646,"column":33},"end":{"line":646,"column":53}}},"64":{"name":"(anonymous_64)","line":660,"loc":{"start":{"line":660,"column":27},"end":{"line":660,"column":47}}},"65":{"name":"(anonymous_65)","line":697,"loc":{"start":{"line":697,"column":31},"end":{"line":697,"column":47}}},"66":{"name":"(anonymous_66)","line":719,"loc":{"start":{"line":719,"column":31},"end":{"line":719,"column":47}}},"67":{"name":"customWarning","line":753,"loc":{"start":{"line":753,"column":8},"end":{"line":753,"column":44}}},"68":{"name":"(anonymous_68)","line":755,"loc":{"start":{"line":755,"column":37},"end":{"line":755,"column":55}}},"69":{"name":"(anonymous_69)","line":766,"loc":{"start":{"line":766,"column":36},"end":{"line":766,"column":53}}},"70":{"name":"(anonymous_70)","line":786,"loc":{"start":{"line":786,"column":33},"end":{"line":786,"column":54}}},"71":{"name":"flatten","line":796,"loc":{"start":{"line":796,"column":4},"end":{"line":796,"column":36}}},"72":{"name":"(anonymous_72)","line":798,"loc":{"start":{"line":798,"column":32},"end":{"line":798,"column":49}}},"73":{"name":"(anonymous_73)","line":814,"loc":{"start":{"line":814,"column":15},"end":{"line":814,"column":27}}}},"statementMap":{"1":{"start":{"line":23,"column":0},"end":{"line":23,"column":34}},"2":{"start":{"line":25,"column":0},"end":{"line":25,"column":26}},"3":{"start":{"line":26,"column":0},"end":{"line":26,"column":26}},"4":{"start":{"line":27,"column":0},"end":{"line":27,"column":28}},"5":{"start":{"line":29,"column":0},"end":{"line":29,"column":58}},"6":{"start":{"line":29,"column":18},"end":{"line":29,"column":56}},"7":{"start":{"line":29,"column":40},"end":{"line":29,"column":53}},"8":{"start":{"line":31,"column":0},"end":{"line":39,"column":1}},"9":{"start":{"line":32,"column":4},"end":{"line":34,"column":5}},"10":{"start":{"line":33,"column":8},"end":{"line":33,"column":23}},"11":{"start":{"line":35,"column":4},"end":{"line":37,"column":5}},"12":{"start":{"line":36,"column":8},"end":{"line":36,"column":22}},"13":{"start":{"line":38,"column":4},"end":{"line":38,"column":24}},"14":{"start":{"line":40,"column":0},"end":{"line":53,"column":1}},"15":{"start":{"line":41,"column":4},"end":{"line":43,"column":5}},"16":{"start":{"line":42,"column":8},"end":{"line":42,"column":21}},"17":{"start":{"line":44,"column":4},"end":{"line":52,"column":5}},"18":{"start":{"line":45,"column":24},"end":{"line":45,"column":45}},"19":{"start":{"line":46,"column":24},"end":{"line":46,"column":45}},"20":{"start":{"line":48,"column":12},"end":{"line":48,"column":54}},"21":{"start":{"line":48,"column":39},"end":{"line":48,"column":51}},"22":{"start":{"line":49,"column":12},"end":{"line":49,"column":54}},"23":{"start":{"line":49,"column":39},"end":{"line":49,"column":52}},"24":{"start":{"line":50,"column":12},"end":{"line":50,"column":42}},"25":{"start":{"line":51,"column":24},"end":{"line":51,"column":41}},"26":{"start":{"line":54,"column":0},"end":{"line":54,"column":68}},"27":{"start":{"line":54,"column":30},"end":{"line":54,"column":66}},"28":{"start":{"line":55,"column":0},"end":{"line":55,"column":66}},"29":{"start":{"line":55,"column":30},"end":{"line":55,"column":64}},"30":{"start":{"line":56,"column":0},"end":{"line":56,"column":66}},"31":{"start":{"line":56,"column":30},"end":{"line":56,"column":64}},"32":{"start":{"line":57,"column":0},"end":{"line":57,"column":66}},"33":{"start":{"line":57,"column":30},"end":{"line":57,"column":64}},"34":{"start":{"line":58,"column":0},"end":{"line":58,"column":65}},"35":{"start":{"line":58,"column":30},"end":{"line":58,"column":63}},"36":{"start":{"line":59,"column":0},"end":{"line":59,"column":77}},"37":{"start":{"line":59,"column":30},"end":{"line":59,"column":75}},"38":{"start":{"line":60,"column":0},"end":{"line":67,"column":1}},"39":{"start":{"line":61,"column":4},"end":{"line":61,"column":31}},"40":{"start":{"line":66,"column":4},"end":{"line":66,"column":29}},"41":{"start":{"line":68,"column":0},"end":{"line":68,"column":73}},"42":{"start":{"line":68,"column":30},"end":{"line":68,"column":71}},"43":{"start":{"line":69,"column":0},"end":{"line":73,"column":1}},"44":{"start":{"line":70,"column":4},"end":{"line":70,"column":67}},"45":{"start":{"line":70,"column":45},"end":{"line":70,"column":65}},"46":{"start":{"line":71,"column":4},"end":{"line":71,"column":80}},"47":{"start":{"line":71,"column":45},"end":{"line":71,"column":78}},"48":{"start":{"line":72,"column":4},"end":{"line":72,"column":21}},"49":{"start":{"line":74,"column":0},"end":{"line":74,"column":84}},"50":{"start":{"line":74,"column":30},"end":{"line":74,"column":82}},"51":{"start":{"line":75,"column":0},"end":{"line":75,"column":61}},"52":{"start":{"line":75,"column":30},"end":{"line":75,"column":59}},"53":{"start":{"line":77,"column":0},"end":{"line":77,"column":33}},"54":{"start":{"line":82,"column":0},"end":{"line":95,"column":1}},"55":{"start":{"line":83,"column":4},"end":{"line":83,"column":10}},"56":{"start":{"line":84,"column":4},"end":{"line":94,"column":5}},"57":{"start":{"line":85,"column":8},"end":{"line":87,"column":9}},"58":{"start":{"line":86,"column":12},"end":{"line":86,"column":41}},"59":{"start":{"line":89,"column":8},"end":{"line":89,"column":38}},"60":{"start":{"line":90,"column":8},"end":{"line":93,"column":9}},"61":{"start":{"line":91,"column":12},"end":{"line":91,"column":30}},"62":{"start":{"line":92,"column":12},"end":{"line":92,"column":47}},"63":{"start":{"line":103,"column":0},"end":{"line":108,"column":1}},"64":{"start":{"line":104,"column":4},"end":{"line":107,"column":7}},"65":{"start":{"line":105,"column":8},"end":{"line":105,"column":25}},"66":{"start":{"line":106,"column":8},"end":{"line":106,"column":21}},"67":{"start":{"line":110,"column":0},"end":{"line":130,"column":1}},"68":{"start":{"line":111,"column":4},"end":{"line":111,"column":17}},"69":{"start":{"line":112,"column":4},"end":{"line":128,"column":5}},"70":{"start":{"line":113,"column":8},"end":{"line":113,"column":32}},"71":{"start":{"line":114,"column":8},"end":{"line":127,"column":11}},"72":{"start":{"line":115,"column":12},"end":{"line":126,"column":13}},"73":{"start":{"line":116,"column":16},"end":{"line":116,"column":61}},"74":{"start":{"line":116,"column":41},"end":{"line":116,"column":58}},"75":{"start":{"line":117,"column":16},"end":{"line":121,"column":17}},"76":{"start":{"line":118,"column":20},"end":{"line":118,"column":39}},"77":{"start":{"line":120,"column":20},"end":{"line":120,"column":31}},"78":{"start":{"line":122,"column":19},"end":{"line":126,"column":13}},"79":{"start":{"line":123,"column":16},"end":{"line":123,"column":50}},"80":{"start":{"line":125,"column":16},"end":{"line":125,"column":33}},"81":{"start":{"line":129,"column":4},"end":{"line":129,"column":15}},"82":{"start":{"line":132,"column":0},"end":{"line":139,"column":1}},"83":{"start":{"line":133,"column":4},"end":{"line":137,"column":5}},"84":{"start":{"line":134,"column":8},"end":{"line":136,"column":11}},"85":{"start":{"line":135,"column":12},"end":{"line":135,"column":33}},"86":{"start":{"line":138,"column":4},"end":{"line":138,"column":15}},"87":{"start":{"line":141,"column":0},"end":{"line":156,"column":1}},"88":{"start":{"line":142,"column":4},"end":{"line":144,"column":5}},"89":{"start":{"line":143,"column":8},"end":{"line":143,"column":68}},"90":{"start":{"line":145,"column":4},"end":{"line":147,"column":5}},"91":{"start":{"line":146,"column":8},"end":{"line":146,"column":21}},"92":{"start":{"line":148,"column":4},"end":{"line":148,"column":79}},"93":{"start":{"line":149,"column":4},"end":{"line":154,"column":5}},"94":{"start":{"line":150,"column":8},"end":{"line":150,"column":29}},"95":{"start":{"line":151,"column":8},"end":{"line":153,"column":9}},"96":{"start":{"line":152,"column":12},"end":{"line":152,"column":25}},"97":{"start":{"line":155,"column":4},"end":{"line":155,"column":16}},"98":{"start":{"line":167,"column":0},"end":{"line":187,"column":1}},"99":{"start":{"line":168,"column":4},"end":{"line":171,"column":5}},"100":{"start":{"line":170,"column":8},"end":{"line":170,"column":22}},"101":{"start":{"line":172,"column":4},"end":{"line":175,"column":5}},"102":{"start":{"line":174,"column":8},"end":{"line":174,"column":32}},"103":{"start":{"line":176,"column":4},"end":{"line":178,"column":5}},"104":{"start":{"line":177,"column":8},"end":{"line":177,"column":73}},"105":{"start":{"line":179,"column":4},"end":{"line":182,"column":5}},"106":{"start":{"line":180,"column":8},"end":{"line":180,"column":65}},"107":{"start":{"line":181,"column":8},"end":{"line":181,"column":78}},"108":{"start":{"line":183,"column":4},"end":{"line":185,"column":5}},"109":{"start":{"line":184,"column":8},"end":{"line":184,"column":72}},"110":{"start":{"line":186,"column":4},"end":{"line":186,"column":66}},"111":{"start":{"line":189,"column":0},"end":{"line":211,"column":1}},"112":{"start":{"line":190,"column":4},"end":{"line":210,"column":6}},"113":{"start":{"line":191,"column":8},"end":{"line":191,"column":61}},"114":{"start":{"line":192,"column":8},"end":{"line":192,"column":38}},"115":{"start":{"line":193,"column":8},"end":{"line":193,"column":26}},"116":{"start":{"line":194,"column":8},"end":{"line":194,"column":30}},"117":{"start":{"line":195,"column":8},"end":{"line":208,"column":10}},"118":{"start":{"line":196,"column":12},"end":{"line":196,"column":92}},"119":{"start":{"line":197,"column":12},"end":{"line":205,"column":13}},"120":{"start":{"line":198,"column":16},"end":{"line":200,"column":18}},"121":{"start":{"line":199,"column":20},"end":{"line":199,"column":43}},"122":{"start":{"line":201,"column":16},"end":{"line":201,"column":54}},"123":{"start":{"line":202,"column":16},"end":{"line":202,"column":54}},"124":{"start":{"line":203,"column":16},"end":{"line":203,"column":50}},"125":{"start":{"line":204,"column":16},"end":{"line":204,"column":58}},"126":{"start":{"line":206,"column":12},"end":{"line":206,"column":36}},"127":{"start":{"line":207,"column":12},"end":{"line":207,"column":26}},"128":{"start":{"line":209,"column":8},"end":{"line":209,"column":19}},"129":{"start":{"line":213,"column":0},"end":{"line":219,"column":1}},"130":{"start":{"line":214,"column":4},"end":{"line":218,"column":7}},"131":{"start":{"line":215,"column":8},"end":{"line":215,"column":21}},"132":{"start":{"line":216,"column":8},"end":{"line":216,"column":36}},"133":{"start":{"line":217,"column":8},"end":{"line":217,"column":19}},"134":{"start":{"line":221,"column":0},"end":{"line":227,"column":1}},"135":{"start":{"line":222,"column":4},"end":{"line":226,"column":7}},"136":{"start":{"line":223,"column":8},"end":{"line":223,"column":21}},"137":{"start":{"line":224,"column":8},"end":{"line":224,"column":33}},"138":{"start":{"line":225,"column":8},"end":{"line":225,"column":19}},"139":{"start":{"line":229,"column":0},"end":{"line":237,"column":1}},"140":{"start":{"line":230,"column":4},"end":{"line":236,"column":7}},"141":{"start":{"line":231,"column":8},"end":{"line":235,"column":10}},"142":{"start":{"line":233,"column":16},"end":{"line":233,"column":54}},"143":{"start":{"line":239,"column":0},"end":{"line":243,"column":1}},"144":{"start":{"line":240,"column":4},"end":{"line":242,"column":7}},"145":{"start":{"line":241,"column":8},"end":{"line":241,"column":36}},"146":{"start":{"line":245,"column":0},"end":{"line":252,"column":1}},"147":{"start":{"line":248,"column":4},"end":{"line":251,"column":6}},"148":{"start":{"line":249,"column":8},"end":{"line":249,"column":57}},"149":{"start":{"line":250,"column":8},"end":{"line":250,"column":41}},"150":{"start":{"line":254,"column":0},"end":{"line":268,"column":1}},"151":{"start":{"line":255,"column":4},"end":{"line":267,"column":7}},"152":{"start":{"line":257,"column":12},"end":{"line":257,"column":49}},"153":{"start":{"line":261,"column":12},"end":{"line":261,"column":49}},"154":{"start":{"line":265,"column":12},"end":{"line":265,"column":50}},"155":{"start":{"line":270,"column":0},"end":{"line":287,"column":1}},"156":{"start":{"line":271,"column":4},"end":{"line":286,"column":6}},"157":{"start":{"line":289,"column":0},"end":{"line":309,"column":2}},"158":{"start":{"line":311,"column":0},"end":{"line":311,"column":33}},"159":{"start":{"line":313,"column":0},"end":{"line":315,"column":3}},"160":{"start":{"line":317,"column":0},"end":{"line":319,"column":3}},"161":{"start":{"line":321,"column":0},"end":{"line":342,"column":3}},"162":{"start":{"line":325,"column":8},"end":{"line":325,"column":34}},"163":{"start":{"line":329,"column":8},"end":{"line":329,"column":34}},"164":{"start":{"line":333,"column":8},"end":{"line":333,"column":33}},"165":{"start":{"line":337,"column":8},"end":{"line":337,"column":33}},"166":{"start":{"line":344,"column":0},"end":{"line":376,"column":4}},"167":{"start":{"line":349,"column":8},"end":{"line":349,"column":49}},"168":{"start":{"line":355,"column":8},"end":{"line":355,"column":32}},"169":{"start":{"line":356,"column":8},"end":{"line":356,"column":47}},"170":{"start":{"line":360,"column":8},"end":{"line":360,"column":32}},"171":{"start":{"line":361,"column":8},"end":{"line":361,"column":47}},"172":{"start":{"line":370,"column":8},"end":{"line":370,"column":56}},"173":{"start":{"line":378,"column":0},"end":{"line":400,"column":4}},"174":{"start":{"line":383,"column":8},"end":{"line":383,"column":22}},"175":{"start":{"line":384,"column":8},"end":{"line":392,"column":9}},"176":{"start":{"line":385,"column":12},"end":{"line":385,"column":34}},"177":{"start":{"line":386,"column":12},"end":{"line":391,"column":13}},"178":{"start":{"line":387,"column":16},"end":{"line":389,"column":17}},"179":{"start":{"line":388,"column":20},"end":{"line":388,"column":33}},"180":{"start":{"line":390,"column":16},"end":{"line":390,"column":35}},"181":{"start":{"line":393,"column":8},"end":{"line":393,"column":20}},"182":{"start":{"line":402,"column":0},"end":{"line":412,"column":4}},"183":{"start":{"line":414,"column":0},"end":{"line":414,"column":53}},"184":{"start":{"line":419,"column":0},"end":{"line":419,"column":33}},"185":{"start":{"line":421,"column":0},"end":{"line":817,"column":1}},"186":{"start":{"line":425,"column":4},"end":{"line":426,"column":58}},"187":{"start":{"line":429,"column":4},"end":{"line":429,"column":47}},"188":{"start":{"line":432,"column":4},"end":{"line":446,"column":5}},"189":{"start":{"line":433,"column":8},"end":{"line":433,"column":33}},"190":{"start":{"line":441,"column":8},"end":{"line":441,"column":63}},"191":{"start":{"line":442,"column":8},"end":{"line":444,"column":9}},"192":{"start":{"line":443,"column":12},"end":{"line":443,"column":52}},"193":{"start":{"line":445,"column":8},"end":{"line":445,"column":41}},"194":{"start":{"line":450,"column":4},"end":{"line":450,"column":29}},"195":{"start":{"line":453,"column":4},"end":{"line":453,"column":22}},"196":{"start":{"line":459,"column":4},"end":{"line":792,"column":5}},"197":{"start":{"line":462,"column":8},"end":{"line":462,"column":39}},"198":{"start":{"line":466,"column":8},"end":{"line":466,"column":59}},"199":{"start":{"line":470,"column":8},"end":{"line":470,"column":47}},"200":{"start":{"line":472,"column":8},"end":{"line":472,"column":39}},"201":{"start":{"line":475,"column":8},"end":{"line":483,"column":9}},"202":{"start":{"line":476,"column":12},"end":{"line":482,"column":14}},"203":{"start":{"line":486,"column":8},"end":{"line":489,"column":9}},"204":{"start":{"line":487,"column":12},"end":{"line":488,"column":70}},"205":{"start":{"line":492,"column":8},"end":{"line":505,"column":9}},"206":{"start":{"line":493,"column":12},"end":{"line":493,"column":70}},"207":{"start":{"line":495,"column":12},"end":{"line":500,"column":13}},"208":{"start":{"line":498,"column":16},"end":{"line":498,"column":35}},"209":{"start":{"line":499,"column":16},"end":{"line":499,"column":45}},"210":{"start":{"line":501,"column":12},"end":{"line":504,"column":14}},"211":{"start":{"line":508,"column":8},"end":{"line":510,"column":9}},"212":{"start":{"line":509,"column":12},"end":{"line":509,"column":41}},"213":{"start":{"line":513,"column":8},"end":{"line":513,"column":25}},"214":{"start":{"line":516,"column":8},"end":{"line":527,"column":9}},"215":{"start":{"line":517,"column":12},"end":{"line":521,"column":13}},"216":{"start":{"line":520,"column":16},"end":{"line":520,"column":47}},"217":{"start":{"line":522,"column":12},"end":{"line":524,"column":13}},"218":{"start":{"line":523,"column":16},"end":{"line":523,"column":64}},"219":{"start":{"line":526,"column":12},"end":{"line":526,"column":31}},"220":{"start":{"line":533,"column":8},"end":{"line":535,"column":9}},"221":{"start":{"line":534,"column":12},"end":{"line":534,"column":65}},"222":{"start":{"line":538,"column":8},"end":{"line":538,"column":47}},"223":{"start":{"line":539,"column":8},"end":{"line":548,"column":9}},"224":{"start":{"line":540,"column":12},"end":{"line":546,"column":13}},"225":{"start":{"line":541,"column":16},"end":{"line":541,"column":50}},"226":{"start":{"line":542,"column":16},"end":{"line":542,"column":65}},"227":{"start":{"line":543,"column":16},"end":{"line":545,"column":17}},"228":{"start":{"line":544,"column":20},"end":{"line":544,"column":34}},"229":{"start":{"line":547,"column":12},"end":{"line":547,"column":69}},"230":{"start":{"line":551,"column":8},"end":{"line":553,"column":11}},"231":{"start":{"line":552,"column":12},"end":{"line":552,"column":37}},"232":{"start":{"line":556,"column":8},"end":{"line":556,"column":33}},"233":{"start":{"line":557,"column":8},"end":{"line":559,"column":9}},"234":{"start":{"line":558,"column":12},"end":{"line":558,"column":33}},"235":{"start":{"line":565,"column":8},"end":{"line":578,"column":9}},"236":{"start":{"line":568,"column":12},"end":{"line":571,"column":13}},"237":{"start":{"line":569,"column":16},"end":{"line":570,"column":59}},"238":{"start":{"line":574,"column":12},"end":{"line":574,"column":72}},"239":{"start":{"line":577,"column":12},"end":{"line":577,"column":46}},"240":{"start":{"line":583,"column":8},"end":{"line":583,"column":37}},"241":{"start":{"line":584,"column":8},"end":{"line":588,"column":9}},"242":{"start":{"line":585,"column":12},"end":{"line":587,"column":13}},"243":{"start":{"line":586,"column":16},"end":{"line":586,"column":40}},"244":{"start":{"line":589,"column":8},"end":{"line":589,"column":37}},"245":{"start":{"line":590,"column":8},"end":{"line":594,"column":9}},"246":{"start":{"line":591,"column":12},"end":{"line":593,"column":13}},"247":{"start":{"line":592,"column":16},"end":{"line":592,"column":64}},"248":{"start":{"line":595,"column":8},"end":{"line":595,"column":33}},"249":{"start":{"line":596,"column":8},"end":{"line":607,"column":9}},"250":{"start":{"line":601,"column":12},"end":{"line":605,"column":13}},"251":{"start":{"line":602,"column":16},"end":{"line":604,"column":17}},"252":{"start":{"line":603,"column":20},"end":{"line":603,"column":44}},"253":{"start":{"line":606,"column":12},"end":{"line":606,"column":64}},"254":{"start":{"line":615,"column":8},"end":{"line":615,"column":30}},"255":{"start":{"line":616,"column":8},"end":{"line":633,"column":11}},"256":{"start":{"line":617,"column":12},"end":{"line":617,"column":28}},"257":{"start":{"line":618,"column":12},"end":{"line":625,"column":13}},"258":{"start":{"line":620,"column":16},"end":{"line":620,"column":43}},"259":{"start":{"line":622,"column":16},"end":{"line":622,"column":75}},"260":{"start":{"line":623,"column":16},"end":{"line":623,"column":33}},"261":{"start":{"line":624,"column":16},"end":{"line":624,"column":29}},"262":{"start":{"line":626,"column":12},"end":{"line":628,"column":13}},"263":{"start":{"line":627,"column":16},"end":{"line":627,"column":23}},"264":{"start":{"line":629,"column":12},"end":{"line":631,"column":13}},"265":{"start":{"line":630,"column":16},"end":{"line":630,"column":68}},"266":{"start":{"line":632,"column":12},"end":{"line":632,"column":43}},"267":{"start":{"line":636,"column":8},"end":{"line":638,"column":9}},"268":{"start":{"line":637,"column":12},"end":{"line":637,"column":60}},"269":{"start":{"line":641,"column":8},"end":{"line":750,"column":9}},"270":{"start":{"line":643,"column":12},"end":{"line":643,"column":33}},"271":{"start":{"line":644,"column":12},"end":{"line":644,"column":34}},"272":{"start":{"line":646,"column":12},"end":{"line":657,"column":15}},"273":{"start":{"line":647,"column":16},"end":{"line":647,"column":84}},"274":{"start":{"line":648,"column":16},"end":{"line":655,"column":17}},"275":{"start":{"line":649,"column":20},"end":{"line":649,"column":71}},"276":{"start":{"line":650,"column":20},"end":{"line":654,"column":21}},"277":{"start":{"line":651,"column":24},"end":{"line":651,"column":61}},"278":{"start":{"line":653,"column":24},"end":{"line":653,"column":66}},"279":{"start":{"line":656,"column":16},"end":{"line":656,"column":58}},"280":{"start":{"line":659,"column":12},"end":{"line":659,"column":77}},"281":{"start":{"line":660,"column":12},"end":{"line":677,"column":15}},"282":{"start":{"line":661,"column":16},"end":{"line":676,"column":17}},"283":{"start":{"line":662,"column":20},"end":{"line":662,"column":87}},"284":{"start":{"line":663,"column":20},"end":{"line":663,"column":57}},"285":{"start":{"line":664,"column":20},"end":{"line":672,"column":21}},"286":{"start":{"line":665,"column":24},"end":{"line":665,"column":40}},"287":{"start":{"line":666,"column":27},"end":{"line":672,"column":21}},"288":{"start":{"line":667,"column":24},"end":{"line":669,"column":25}},"289":{"start":{"line":668,"column":28},"end":{"line":668,"column":50}},"290":{"start":{"line":671,"column":24},"end":{"line":671,"column":51}},"291":{"start":{"line":673,"column":20},"end":{"line":675,"column":21}},"292":{"start":{"line":674,"column":24},"end":{"line":674,"column":41}},"293":{"start":{"line":679,"column":12},"end":{"line":681,"column":13}},"294":{"start":{"line":680,"column":16},"end":{"line":680,"column":60}},"295":{"start":{"line":684,"column":12},"end":{"line":684,"column":32}},"296":{"start":{"line":688,"column":13},"end":{"line":750,"column":9}},"297":{"start":{"line":690,"column":12},"end":{"line":690,"column":32}},"298":{"start":{"line":691,"column":12},"end":{"line":691,"column":33}},"299":{"start":{"line":692,"column":12},"end":{"line":692,"column":43}},"300":{"start":{"line":693,"column":12},"end":{"line":693,"column":43}},"301":{"start":{"line":696,"column":12},"end":{"line":742,"column":13}},"302":{"start":{"line":697,"column":16},"end":{"line":713,"column":19}},"303":{"start":{"line":698,"column":20},"end":{"line":698,"column":41}},"304":{"start":{"line":699,"column":20},"end":{"line":699,"column":47}},"305":{"start":{"line":700,"column":20},"end":{"line":707,"column":21}},"306":{"start":{"line":701,"column":24},"end":{"line":701,"column":88}},"307":{"start":{"line":703,"column":24},"end":{"line":706,"column":25}},"308":{"start":{"line":704,"column":28},"end":{"line":704,"column":50}},"309":{"start":{"line":705,"column":28},"end":{"line":705,"column":34}},"310":{"start":{"line":708,"column":20},"end":{"line":712,"column":21}},"311":{"start":{"line":709,"column":24},"end":{"line":709,"column":65}},"312":{"start":{"line":711,"column":24},"end":{"line":711,"column":64}},"313":{"start":{"line":718,"column":17},"end":{"line":742,"column":13}},"314":{"start":{"line":719,"column":16},"end":{"line":735,"column":19}},"315":{"start":{"line":720,"column":20},"end":{"line":720,"column":41}},"316":{"start":{"line":721,"column":20},"end":{"line":721,"column":46}},"317":{"start":{"line":722,"column":20},"end":{"line":729,"column":21}},"318":{"start":{"line":723,"column":24},"end":{"line":723,"column":88}},"319":{"start":{"line":725,"column":24},"end":{"line":728,"column":25}},"320":{"start":{"line":726,"column":28},"end":{"line":726,"column":51}},"321":{"start":{"line":727,"column":28},"end":{"line":727,"column":34}},"322":{"start":{"line":730,"column":20},"end":{"line":734,"column":21}},"323":{"start":{"line":731,"column":24},"end":{"line":731,"column":89}},"324":{"start":{"line":733,"column":24},"end":{"line":733,"column":64}},"325":{"start":{"line":741,"column":16},"end":{"line":741,"column":35}},"326":{"start":{"line":744,"column":12},"end":{"line":746,"column":13}},"327":{"start":{"line":745,"column":16},"end":{"line":745,"column":58}},"328":{"start":{"line":749,"column":12},"end":{"line":749,"column":31}},"329":{"start":{"line":753,"column":8},"end":{"line":765,"column":9}},"330":{"start":{"line":754,"column":12},"end":{"line":764,"column":13}},"331":{"start":{"line":755,"column":16},"end":{"line":757,"column":19}},"332":{"start":{"line":756,"column":20},"end":{"line":756,"column":42}},"333":{"start":{"line":759,"column":17},"end":{"line":764,"column":13}},"334":{"start":{"line":760,"column":16},"end":{"line":760,"column":66}},"335":{"start":{"line":762,"column":17},"end":{"line":764,"column":13}},"336":{"start":{"line":763,"column":16},"end":{"line":763,"column":73}},"337":{"start":{"line":766,"column":8},"end":{"line":780,"column":11}},"338":{"start":{"line":767,"column":12},"end":{"line":767,"column":28}},"339":{"start":{"line":768,"column":12},"end":{"line":775,"column":13}},"340":{"start":{"line":770,"column":16},"end":{"line":770,"column":43}},"341":{"start":{"line":772,"column":16},"end":{"line":772,"column":75}},"342":{"start":{"line":773,"column":16},"end":{"line":773,"column":33}},"343":{"start":{"line":774,"column":16},"end":{"line":774,"column":29}},"344":{"start":{"line":776,"column":12},"end":{"line":778,"column":13}},"345":{"start":{"line":777,"column":16},"end":{"line":777,"column":23}},"346":{"start":{"line":779,"column":12},"end":{"line":779,"column":39}},"347":{"start":{"line":786,"column":8},"end":{"line":788,"column":11}},"348":{"start":{"line":787,"column":12},"end":{"line":787,"column":37}},"349":{"start":{"line":791,"column":8},"end":{"line":791,"column":32}},"350":{"start":{"line":794,"column":4},"end":{"line":794,"column":49}},"351":{"start":{"line":796,"column":4},"end":{"line":805,"column":5}},"352":{"start":{"line":797,"column":8},"end":{"line":803,"column":9}},"353":{"start":{"line":798,"column":12},"end":{"line":800,"column":15}},"354":{"start":{"line":799,"column":16},"end":{"line":799,"column":39}},"355":{"start":{"line":802,"column":12},"end":{"line":802,"column":31}},"356":{"start":{"line":804,"column":8},"end":{"line":804,"column":22}},"357":{"start":{"line":807,"column":4},"end":{"line":807,"column":71}},"358":{"start":{"line":808,"column":4},"end":{"line":808,"column":37}},"359":{"start":{"line":809,"column":4},"end":{"line":809,"column":51}},"360":{"start":{"line":811,"column":4},"end":{"line":813,"column":5}},"361":{"start":{"line":812,"column":8},"end":{"line":812,"column":72}},"362":{"start":{"line":814,"column":4},"end":{"line":816,"column":10}},"363":{"start":{"line":815,"column":8},"end":{"line":815,"column":47}},"364":{"start":{"line":820,"column":0},"end":{"line":837,"column":3}},"365":{"start":{"line":839,"column":0},"end":{"line":854,"column":3}},"366":{"start":{"line":856,"column":0},"end":{"line":863,"column":2}},"367":{"start":{"line":866,"column":0},"end":{"line":887,"column":2}}},"branchMap":{"1":{"line":32,"type":"if","locations":[{"start":{"line":32,"column":4},"end":{"line":32,"column":4}},{"start":{"line":32,"column":4},"end":{"line":32,"column":4}}]},"2":{"line":35,"type":"if","locations":[{"start":{"line":35,"column":4},"end":{"line":35,"column":4}},{"start":{"line":35,"column":4},"end":{"line":35,"column":4}}]},"3":{"line":41,"type":"if","locations":[{"start":{"line":41,"column":4},"end":{"line":41,"column":4}},{"start":{"line":41,"column":4},"end":{"line":41,"column":4}}]},"4":{"line":44,"type":"switch","locations":[{"start":{"line":45,"column":8},"end":{"line":45,"column":45}},{"start":{"line":46,"column":8},"end":{"line":46,"column":45}},{"start":{"line":47,"column":8},"end":{"line":50,"column":42}},{"start":{"line":51,"column":8},"end":{"line":51,"column":41}}]},"5":{"line":48,"type":"if","locations":[{"start":{"line":48,"column":12},"end":{"line":48,"column":12}},{"start":{"line":48,"column":12},"end":{"line":48,"column":12}}]},"6":{"line":49,"type":"if","locations":[{"start":{"line":49,"column":12},"end":{"line":49,"column":12}},{"start":{"line":49,"column":12},"end":{"line":49,"column":12}}]},"7":{"line":59,"type":"binary-expr","locations":[{"start":{"line":59,"column":37},"end":{"line":59,"column":51}},{"start":{"line":59,"column":55},"end":{"line":59,"column":74}}]},"8":{"line":70,"type":"if","locations":[{"start":{"line":70,"column":4},"end":{"line":70,"column":4}},{"start":{"line":70,"column":4},"end":{"line":70,"column":4}}]},"9":{"line":70,"type":"binary-expr","locations":[{"start":{"line":70,"column":8},"end":{"line":70,"column":22}},{"start":{"line":70,"column":26},"end":{"line":70,"column":41}}]},"10":{"line":71,"type":"if","locations":[{"start":{"line":71,"column":4},"end":{"line":71,"column":4}},{"start":{"line":71,"column":4},"end":{"line":71,"column":4}}]},"11":{"line":74,"type":"binary-expr","locations":[{"start":{"line":74,"column":37},"end":{"line":74,"column":55}},{"start":{"line":74,"column":59},"end":{"line":74,"column":81}}]},"12":{"line":84,"type":"if","locations":[{"start":{"line":84,"column":4},"end":{"line":84,"column":4}},{"start":{"line":84,"column":4},"end":{"line":84,"column":4}}]},"13":{"line":115,"type":"if","locations":[{"start":{"line":115,"column":12},"end":{"line":115,"column":12}},{"start":{"line":115,"column":12},"end":{"line":115,"column":12}}]},"14":{"line":117,"type":"if","locations":[{"start":{"line":117,"column":16},"end":{"line":117,"column":16}},{"start":{"line":117,"column":16},"end":{"line":117,"column":16}}]},"15":{"line":122,"type":"if","locations":[{"start":{"line":122,"column":19},"end":{"line":122,"column":19}},{"start":{"line":122,"column":19},"end":{"line":122,"column":19}}]},"16":{"line":122,"type":"binary-expr","locations":[{"start":{"line":122,"column":23},"end":{"line":122,"column":41}},{"start":{"line":122,"column":45},"end":{"line":122,"column":60}}]},"17":{"line":133,"type":"if","locations":[{"start":{"line":133,"column":4},"end":{"line":133,"column":4}},{"start":{"line":133,"column":4},"end":{"line":133,"column":4}}]},"18":{"line":142,"type":"if","locations":[{"start":{"line":142,"column":4},"end":{"line":142,"column":4}},{"start":{"line":142,"column":4},"end":{"line":142,"column":4}}]},"19":{"line":142,"type":"binary-expr","locations":[{"start":{"line":142,"column":8},"end":{"line":142,"column":22}},{"start":{"line":142,"column":26},"end":{"line":142,"column":41}}]},"20":{"line":143,"type":"binary-expr","locations":[{"start":{"line":143,"column":15},"end":{"line":143,"column":29}},{"start":{"line":143,"column":34},"end":{"line":143,"column":47}},{"start":{"line":143,"column":51},"end":{"line":143,"column":66}}]},"21":{"line":145,"type":"if","locations":[{"start":{"line":145,"column":4},"end":{"line":145,"column":4}},{"start":{"line":145,"column":4},"end":{"line":145,"column":4}}]},"22":{"line":151,"type":"if","locations":[{"start":{"line":151,"column":8},"end":{"line":151,"column":8}},{"start":{"line":151,"column":8},"end":{"line":151,"column":8}}]},"23":{"line":168,"type":"if","locations":[{"start":{"line":168,"column":4},"end":{"line":168,"column":4}},{"start":{"line":168,"column":4},"end":{"line":168,"column":4}}]},"24":{"line":172,"type":"if","locations":[{"start":{"line":172,"column":4},"end":{"line":172,"column":4}},{"start":{"line":172,"column":4},"end":{"line":172,"column":4}}]},"25":{"line":172,"type":"binary-expr","locations":[{"start":{"line":172,"column":8},"end":{"line":172,"column":31}},{"start":{"line":172,"column":35},"end":{"line":172,"column":61}}]},"26":{"line":176,"type":"if","locations":[{"start":{"line":176,"column":4},"end":{"line":176,"column":4}},{"start":{"line":176,"column":4},"end":{"line":176,"column":4}}]},"27":{"line":179,"type":"if","locations":[{"start":{"line":179,"column":4},"end":{"line":179,"column":4}},{"start":{"line":179,"column":4},"end":{"line":179,"column":4}}]},"28":{"line":183,"type":"if","locations":[{"start":{"line":183,"column":4},"end":{"line":183,"column":4}},{"start":{"line":183,"column":4},"end":{"line":183,"column":4}}]},"29":{"line":196,"type":"cond-expr","locations":[{"start":{"line":196,"column":71},"end":{"line":196,"column":84}},{"start":{"line":196,"column":87},"end":{"line":196,"column":90}}]},"30":{"line":197,"type":"if","locations":[{"start":{"line":197,"column":12},"end":{"line":197,"column":12}},{"start":{"line":197,"column":12},"end":{"line":197,"column":12}}]},"31":{"line":386,"type":"if","locations":[{"start":{"line":386,"column":12},"end":{"line":386,"column":12}},{"start":{"line":386,"column":12},"end":{"line":386,"column":12}}]},"32":{"line":386,"type":"binary-expr","locations":[{"start":{"line":386,"column":16},"end":{"line":386,"column":31}},{"start":{"line":386,"column":35},"end":{"line":386,"column":50}}]},"33":{"line":387,"type":"if","locations":[{"start":{"line":387,"column":16},"end":{"line":387,"column":16}},{"start":{"line":387,"column":16},"end":{"line":387,"column":16}}]},"34":{"line":425,"type":"cond-expr","locations":[{"start":{"line":426,"column":8},"end":{"line":426,"column":16}},{"start":{"line":426,"column":20},"end":{"line":426,"column":56}}]},"35":{"line":426,"type":"cond-expr","locations":[{"start":{"line":426,"column":42},"end":{"line":426,"column":49}},{"start":{"line":426,"column":52},"end":{"line":426,"column":56}}]},"36":{"line":429,"type":"cond-expr","locations":[{"start":{"line":429,"column":34},"end":{"line":429,"column":41}},{"start":{"line":429,"column":44},"end":{"line":429,"column":46}}]},"37":{"line":432,"type":"if","locations":[{"start":{"line":432,"column":4},"end":{"line":432,"column":4}},{"start":{"line":432,"column":4},"end":{"line":432,"column":4}}]},"38":{"line":442,"type":"if","locations":[{"start":{"line":442,"column":8},"end":{"line":442,"column":8}},{"start":{"line":442,"column":8},"end":{"line":442,"column":8}}]},"39":{"line":466,"type":"binary-expr","locations":[{"start":{"line":466,"column":23},"end":{"line":466,"column":38}},{"start":{"line":466,"column":42},"end":{"line":466,"column":58}}]},"40":{"line":487,"type":"cond-expr","locations":[{"start":{"line":487,"column":46},"end":{"line":487,"column":53}},{"start":{"line":488,"column":20},"end":{"line":488,"column":68}}]},"41":{"line":495,"type":"if","locations":[{"start":{"line":495,"column":12},"end":{"line":495,"column":12}},{"start":{"line":495,"column":12},"end":{"line":495,"column":12}}]},"42":{"line":495,"type":"binary-expr","locations":[{"start":{"line":495,"column":16},"end":{"line":495,"column":39}},{"start":{"line":496,"column":20},"end":{"line":496,"column":41}},{"start":{"line":497,"column":20},"end":{"line":497,"column":50}}]},"43":{"line":516,"type":"if","locations":[{"start":{"line":516,"column":8},"end":{"line":516,"column":8}},{"start":{"line":516,"column":8},"end":{"line":516,"column":8}}]},"44":{"line":517,"type":"if","locations":[{"start":{"line":517,"column":12},"end":{"line":517,"column":12}},{"start":{"line":517,"column":12},"end":{"line":517,"column":12}}]},"45":{"line":522,"type":"if","locations":[{"start":{"line":522,"column":12},"end":{"line":522,"column":12}},{"start":{"line":522,"column":12},"end":{"line":522,"column":12}}]},"46":{"line":533,"type":"if","locations":[{"start":{"line":533,"column":8},"end":{"line":533,"column":8}},{"start":{"line":533,"column":8},"end":{"line":533,"column":8}}]},"47":{"line":539,"type":"if","locations":[{"start":{"line":539,"column":8},"end":{"line":539,"column":8}},{"start":{"line":539,"column":8},"end":{"line":539,"column":8}}]},"48":{"line":543,"type":"if","locations":[{"start":{"line":543,"column":16},"end":{"line":543,"column":16}},{"start":{"line":543,"column":16},"end":{"line":543,"column":16}}]},"49":{"line":557,"type":"if","locations":[{"start":{"line":557,"column":8},"end":{"line":557,"column":8}},{"start":{"line":557,"column":8},"end":{"line":557,"column":8}}]},"50":{"line":565,"type":"if","locations":[{"start":{"line":565,"column":8},"end":{"line":565,"column":8}},{"start":{"line":565,"column":8},"end":{"line":565,"column":8}}]},"51":{"line":565,"type":"binary-expr","locations":[{"start":{"line":565,"column":12},"end":{"line":565,"column":35}},{"start":{"line":565,"column":39},"end":{"line":565,"column":66}}]},"52":{"line":568,"type":"if","locations":[{"start":{"line":568,"column":12},"end":{"line":568,"column":12}},{"start":{"line":568,"column":12},"end":{"line":568,"column":12}}]},"53":{"line":585,"type":"if","locations":[{"start":{"line":585,"column":12},"end":{"line":585,"column":12}},{"start":{"line":585,"column":12},"end":{"line":585,"column":12}}]},"54":{"line":591,"type":"if","locations":[{"start":{"line":591,"column":12},"end":{"line":591,"column":12}},{"start":{"line":591,"column":12},"end":{"line":591,"column":12}}]},"55":{"line":596,"type":"if","locations":[{"start":{"line":596,"column":8},"end":{"line":596,"column":8}},{"start":{"line":596,"column":8},"end":{"line":596,"column":8}}]},"56":{"line":602,"type":"if","locations":[{"start":{"line":602,"column":16},"end":{"line":602,"column":16}},{"start":{"line":602,"column":16},"end":{"line":602,"column":16}}]},"57":{"line":626,"type":"if","locations":[{"start":{"line":626,"column":12},"end":{"line":626,"column":12}},{"start":{"line":626,"column":12},"end":{"line":626,"column":12}}]},"58":{"line":629,"type":"if","locations":[{"start":{"line":629,"column":12},"end":{"line":629,"column":12}},{"start":{"line":629,"column":12},"end":{"line":629,"column":12}}]},"59":{"line":636,"type":"if","locations":[{"start":{"line":636,"column":8},"end":{"line":636,"column":8}},{"start":{"line":636,"column":8},"end":{"line":636,"column":8}}]},"60":{"line":641,"type":"if","locations":[{"start":{"line":641,"column":8},"end":{"line":641,"column":8}},{"start":{"line":641,"column":8},"end":{"line":641,"column":8}}]},"61":{"line":648,"type":"if","locations":[{"start":{"line":648,"column":16},"end":{"line":648,"column":16}},{"start":{"line":648,"column":16},"end":{"line":648,"column":16}}]},"62":{"line":649,"type":"binary-expr","locations":[{"start":{"line":649,"column":38},"end":{"line":649,"column":50}},{"start":{"line":649,"column":54},"end":{"line":649,"column":70}}]},"63":{"line":650,"type":"if","locations":[{"start":{"line":650,"column":20},"end":{"line":650,"column":20}},{"start":{"line":650,"column":20},"end":{"line":650,"column":20}}]},"64":{"line":650,"type":"binary-expr","locations":[{"start":{"line":650,"column":24},"end":{"line":650,"column":48}},{"start":{"line":650,"column":52},"end":{"line":650,"column":82}}]},"65":{"line":659,"type":"cond-expr","locations":[{"start":{"line":659,"column":55},"end":{"line":659,"column":69}},{"start":{"line":659,"column":72},"end":{"line":659,"column":76}}]},"66":{"line":661,"type":"if","locations":[{"start":{"line":661,"column":16},"end":{"line":661,"column":16}},{"start":{"line":661,"column":16},"end":{"line":661,"column":16}}]},"67":{"line":664,"type":"if","locations":[{"start":{"line":664,"column":20},"end":{"line":664,"column":20}},{"start":{"line":664,"column":20},"end":{"line":664,"column":20}}]},"68":{"line":664,"type":"binary-expr","locations":[{"start":{"line":664,"column":24},"end":{"line":664,"column":31}},{"start":{"line":664,"column":35},"end":{"line":664,"column":52}}]},"69":{"line":666,"type":"if","locations":[{"start":{"line":666,"column":27},"end":{"line":666,"column":27}},{"start":{"line":666,"column":27},"end":{"line":666,"column":27}}]},"70":{"line":667,"type":"if","locations":[{"start":{"line":667,"column":24},"end":{"line":667,"column":24}},{"start":{"line":667,"column":24},"end":{"line":667,"column":24}}]},"71":{"line":673,"type":"if","locations":[{"start":{"line":673,"column":20},"end":{"line":673,"column":20}},{"start":{"line":673,"column":20},"end":{"line":673,"column":20}}]},"72":{"line":679,"type":"if","locations":[{"start":{"line":679,"column":12},"end":{"line":679,"column":12}},{"start":{"line":679,"column":12},"end":{"line":679,"column":12}}]},"73":{"line":688,"type":"if","locations":[{"start":{"line":688,"column":13},"end":{"line":688,"column":13}},{"start":{"line":688,"column":13},"end":{"line":688,"column":13}}]},"74":{"line":696,"type":"if","locations":[{"start":{"line":696,"column":12},"end":{"line":696,"column":12}},{"start":{"line":696,"column":12},"end":{"line":696,"column":12}}]},"75":{"line":703,"type":"if","locations":[{"start":{"line":703,"column":24},"end":{"line":703,"column":24}},{"start":{"line":703,"column":24},"end":{"line":703,"column":24}}]},"76":{"line":708,"type":"if","locations":[{"start":{"line":708,"column":20},"end":{"line":708,"column":20}},{"start":{"line":708,"column":20},"end":{"line":708,"column":20}}]},"77":{"line":718,"type":"if","locations":[{"start":{"line":718,"column":17},"end":{"line":718,"column":17}},{"start":{"line":718,"column":17},"end":{"line":718,"column":17}}]},"78":{"line":725,"type":"if","locations":[{"start":{"line":725,"column":24},"end":{"line":725,"column":24}},{"start":{"line":725,"column":24},"end":{"line":725,"column":24}}]},"79":{"line":730,"type":"if","locations":[{"start":{"line":730,"column":20},"end":{"line":730,"column":20}},{"start":{"line":730,"column":20},"end":{"line":730,"column":20}}]},"80":{"line":744,"type":"if","locations":[{"start":{"line":744,"column":12},"end":{"line":744,"column":12}},{"start":{"line":744,"column":12},"end":{"line":744,"column":12}}]},"81":{"line":754,"type":"if","locations":[{"start":{"line":754,"column":12},"end":{"line":754,"column":12}},{"start":{"line":754,"column":12},"end":{"line":754,"column":12}}]},"82":{"line":759,"type":"if","locations":[{"start":{"line":759,"column":17},"end":{"line":759,"column":17}},{"start":{"line":759,"column":17},"end":{"line":759,"column":17}}]},"83":{"line":762,"type":"if","locations":[{"start":{"line":762,"column":17},"end":{"line":762,"column":17}},{"start":{"line":762,"column":17},"end":{"line":762,"column":17}}]},"84":{"line":776,"type":"if","locations":[{"start":{"line":776,"column":12},"end":{"line":776,"column":12}},{"start":{"line":776,"column":12},"end":{"line":776,"column":12}}]},"85":{"line":797,"type":"if","locations":[{"start":{"line":797,"column":8},"end":{"line":797,"column":8}},{"start":{"line":797,"column":8},"end":{"line":797,"column":8}}]},"86":{"line":807,"type":"cond-expr","locations":[{"start":{"line":807,"column":35},"end":{"line":807,"column":63}},{"start":{"line":807,"column":66},"end":{"line":807,"column":70}}]},"87":{"line":809,"type":"cond-expr","locations":[{"start":{"line":809,"column":35},"end":{"line":809,"column":39}},{"start":{"line":809,"column":42},"end":{"line":809,"column":50}}]},"88":{"line":811,"type":"if","locations":[{"start":{"line":811,"column":4},"end":{"line":811,"column":4}},{"start":{"line":811,"column":4},"end":{"line":811,"column":4}}]}}}}