TN:
SF:/Users/julfleischer/GithubWorkspace/paypal/legalize.js/src/legalize-node.js
FNF:0
FNH:0
DA:17,1
DA:19,1
LF:2
LH:2
BRF:0
BRH:0
end_of_record
TN:
SF:/Users/julfleischer/GithubWorkspace/paypal/legalize.js/src/legalize.js
FN:29,not
FN:29,(anonymous_2)
FN:31,typeOf
FN:40,cast
FN:54,isFunction
FN:55,isObject
FN:56,isNumber
FN:57,isString
FN:58,isArray
FN:59,isUndefined
FN:60,isNumeric
FN:68,isInteger
FN:69,getLength
FN:74,isEmpty
FN:75,is
FN:82,applyEach
FN:103,forEach
FN:104,(anonymous_18)
FN:110,merge
FN:114,(anonymous_20)
FN:116,(anonymous_21)
FN:132,copy
FN:134,(anonymous_23)
FN:141,equals
FN:167,compile
FN:189,makeSchemaBuilder
FN:190,(anonymous_27)
FN:195,(anonymous_28)
FN:198,(anonymous_29)
FN:213,makeProperty
FN:214,(anonymous_31)
FN:221,makeArrayProperty
FN:222,(anonymous_33)
FN:229,makeCheck
FN:230,(anonymous_35)
FN:232,(anonymous_36)
FN:239,makeMatchCheck
FN:240,(anonymous_38)
FN:245,bind
FN:248,(anonymous_40)
FN:254,withLengthChecks
FN:256,(anonymous_42)
FN:260,(anonymous_43)
FN:264,(anonymous_44)
FN:270,rootSchema
FN:324,(anonymous_46)
FN:328,(anonymous_47)
FN:332,(anonymous_48)
FN:336,(anonymous_49)
FN:348,(anonymous_50)
FN:354,(anonymous_51)
FN:359,(anonymous_52)
FN:369,(anonymous_53)
FN:382,(anonymous_54)
FN:421,validate
FN:459,_validate
FN:475,makeInfoMessageObject
FN:486,issueWarning
FN:492,makeError
FN:508,makeValue
FN:551,(anonymous_61)
FN:616,(anonymous_62)
FN:646,(anonymous_63)
FN:660,(anonymous_64)
FN:697,(anonymous_65)
FN:719,(anonymous_66)
FN:753,customWarning
FN:755,(anonymous_68)
FN:766,(anonymous_69)
FN:786,(anonymous_70)
FN:796,flatten
FN:798,(anonymous_72)
FN:814,(anonymous_73)
FNF:73
FNH:72
FNDA:2,not
FNDA:554,(anonymous_2)
FNDA:20909,typeOf
FNDA:12,cast
FNDA:1183,isFunction
FNDA:7961,isObject
FNDA:15,isNumber
FNDA:207,isString
FNDA:11283,isArray
FNDA:1482,isUndefined
FNDA:12,isNumeric
FNDA:6,isInteger
FNDA:971,getLength
FNDA:926,isEmpty
FNDA:37,is
FNDA:2834,applyEach
FNDA:1794,forEach
FNDA:8667,(anonymous_18)
FNDA:496,merge
FNDA:7185,(anonymous_20)
FNDA:142,(anonymous_21)
FNDA:437,copy
FNDA:1303,(anonymous_23)
FNDA:33,equals
FNDA:216,compile
FNDA:50,makeSchemaBuilder
FNDA:434,(anonymous_27)
FNDA:464,(anonymous_28)
FNDA:41,(anonymous_29)
FNDA:4,makeProperty
FNDA:37,(anonymous_31)
FNDA:10,makeArrayProperty
FNDA:71,(anonymous_33)
FNDA:25,makeCheck
FNDA:57,(anonymous_35)
FNDA:54,(anonymous_36)
FNDA:2,makeMatchCheck
FNDA:2,(anonymous_38)
FNDA:9,bind
FNDA:250,(anonymous_40)
FNDA:3,withLengthChecks
FNDA:8,(anonymous_42)
FNDA:8,(anonymous_43)
FNDA:4,(anonymous_44)
FNDA:260,rootSchema
FNDA:10,(anonymous_46)
FNDA:10,(anonymous_47)
FNDA:1,(anonymous_48)
FNDA:1,(anonymous_49)
FNDA:3,(anonymous_50)
FNDA:2,(anonymous_51)
FNDA:2,(anonymous_52)
FNDA:0,(anonymous_53)
FNDA:2,(anonymous_54)
FNDA:173,validate
FNDA:248,_validate
FNDA:149,makeInfoMessageObject
FNDA:9,issueWarning
FNDA:112,makeError
FNDA:136,makeValue
FNDA:8,(anonymous_61)
FNDA:54,(anonymous_62)
FNDA:46,(anonymous_63)
FNDA:26,(anonymous_64)
FNDA:17,(anonymous_65)
FNDA:9,(anonymous_66)
FNDA:5,customWarning
FNDA:2,(anonymous_68)
FNDA:3,(anonymous_69)
FNDA:4,(anonymous_70)
FNDA:107,flatten
FNDA:10,(anonymous_72)
FNDA:3,(anonymous_73)
DA:23,1
DA:25,1
DA:26,1
DA:27,1
DA:29,554
DA:31,1
DA:32,20909
DA:33,2393
DA:35,18516
DA:36,179
DA:38,18337
DA:40,1
DA:41,12
DA:42,4
DA:44,8
DA:45,1
DA:46,1
DA:48,5
DA:49,4
DA:50,3
DA:51,1
DA:54,1183
DA:55,7961
DA:56,15
DA:57,207
DA:58,11283
DA:59,1482
DA:60,1
DA:61,12
DA:66,12
DA:68,6
DA:69,1
DA:70,971
DA:71,197
DA:72,2
DA:74,926
DA:75,37
DA:77,1
DA:82,1
DA:83,2834
DA:84,2834
DA:85,1358
DA:86,126
DA:89,1476
DA:90,1476
DA:91,8582
DA:92,8582
DA:103,1
DA:104,1794
DA:105,8667
DA:106,8667
DA:110,1
DA:111,496
DA:112,496
DA:113,992
DA:114,992
DA:115,7185
DA:116,142
DA:117,134
DA:118,77
DA:120,57
DA:122,7051
DA:123,23
DA:125,7028
DA:129,496
DA:132,1
DA:133,437
DA:134,184
DA:135,1303
DA:138,437
DA:141,1
DA:142,33
DA:143,23
DA:145,10
DA:146,4
DA:148,6
DA:149,6
DA:150,10
DA:151,10
DA:152,2
DA:155,4
DA:167,1
DA:168,216
DA:170,5
DA:172,211
DA:174,195
DA:176,16
DA:177,2
DA:179,14
DA:180,2
DA:181,2
DA:183,12
DA:184,10
DA:186,2
DA:189,1
DA:190,50
DA:191,434
DA:192,434
DA:193,434
DA:194,434
DA:195,434
DA:196,464
DA:197,464
DA:198,260
DA:199,41
DA:201,260
DA:202,260
DA:203,260
DA:204,260
DA:206,464
DA:207,464
DA:209,434
DA:213,1
DA:214,4
DA:215,37
DA:216,37
DA:217,37
DA:221,1
DA:222,10
DA:223,71
DA:224,71
DA:225,71
DA:229,1
DA:230,25
DA:231,57
DA:233,54
DA:239,1
DA:240,2
DA:241,2
DA:245,1
DA:248,9
DA:249,250
DA:250,250
DA:254,1
DA:255,3
DA:257,8
DA:261,8
DA:265,4
DA:270,1
DA:271,260
DA:289,1
DA:311,1
DA:313,1
DA:317,1
DA:321,1
DA:325,10
DA:329,10
DA:333,1
DA:337,1
DA:344,1
DA:349,3
DA:355,2
DA:356,2
DA:360,2
DA:361,2
DA:370,0
DA:378,1
DA:383,2
DA:384,2
DA:385,10
DA:386,10
DA:387,10
DA:388,1
DA:390,9
DA:393,1
DA:402,1
DA:414,1
DA:419,1
DA:421,1
DA:425,173
DA:429,173
DA:432,173
DA:433,168
DA:441,5
DA:442,5
DA:443,0
DA:445,5
DA:450,173
DA:453,173
DA:459,1
DA:462,248
DA:466,248
DA:470,248
DA:472,248
DA:475,1
DA:476,149
DA:486,1
DA:487,9
DA:492,1
DA:493,112
DA:495,112
DA:498,0
DA:499,0
DA:501,112
DA:508,1
DA:509,136
DA:513,248
DA:516,248
DA:517,26
DA:520,25
DA:522,1
DA:523,1
DA:526,0
DA:533,222
DA:534,1
DA:538,221
DA:539,221
DA:540,1
DA:541,2
DA:542,2
DA:543,2
DA:544,0
DA:547,1
DA:551,220
DA:552,8
DA:556,220
DA:557,220
DA:558,12
DA:565,220
DA:568,78
DA:569,75
DA:574,3
DA:577,3
DA:583,145
DA:584,145
DA:585,3
DA:586,2
DA:589,143
DA:590,143
DA:591,3
DA:592,1
DA:595,142
DA:596,142
DA:601,10
DA:602,16
DA:603,7
DA:606,3
DA:615,132
DA:616,132
DA:617,54
DA:618,54
DA:620,54
DA:622,0
DA:623,0
DA:624,0
DA:626,54
DA:627,33
DA:629,21
DA:630,21
DA:632,21
DA:636,132
DA:637,21
DA:641,111
DA:643,20
DA:644,20
DA:646,20
DA:647,46
DA:648,46
DA:649,5
DA:650,5
DA:651,0
DA:653,5
DA:656,46
DA:659,20
DA:660,20
DA:661,26
DA:662,5
DA:663,5
DA:664,5
DA:665,0
DA:666,5
DA:667,5
DA:668,3
DA:671,0
DA:673,5
DA:674,0
DA:679,20
DA:680,5
DA:684,15
DA:688,91
DA:690,24
DA:691,24
DA:692,24
DA:693,24
DA:696,24
DA:697,9
DA:698,17
DA:699,17
DA:700,17
DA:701,18
DA:703,18
DA:704,15
DA:705,15
DA:708,17
DA:709,2
DA:711,15
DA:718,15
DA:719,4
DA:720,9
DA:721,9
DA:722,9
DA:723,9
DA:725,9
DA:726,4
DA:727,4
DA:730,9
DA:731,4
DA:733,5
DA:741,11
DA:744,24
DA:745,4
DA:749,20
DA:753,1
DA:754,5
DA:755,1
DA:756,2
DA:759,4
DA:760,1
DA:762,3
DA:763,3
DA:766,102
DA:767,3
DA:768,3
DA:770,3
DA:772,0
DA:773,0
DA:774,0
DA:776,3
DA:777,1
DA:779,2
DA:786,102
DA:787,4
DA:791,102
DA:794,173
DA:796,1
DA:797,107
DA:798,8
DA:799,10
DA:802,99
DA:804,107
DA:807,173
DA:808,173
DA:809,173
DA:811,173
DA:812,170
DA:814,3
DA:815,3
DA:820,1
DA:839,1
DA:856,1
DA:866,1
LF:351
LH:335
BRDA:32,1,0,2393
BRDA:32,1,1,18516
BRDA:35,2,0,179
BRDA:35,2,1,18337
BRDA:41,3,0,4
BRDA:41,3,1,8
BRDA:44,4,0,1
BRDA:44,4,1,1
BRDA:44,4,2,5
BRDA:44,4,3,1
BRDA:48,5,0,1
BRDA:48,5,1,4
BRDA:49,6,0,1
BRDA:49,6,1,3
BRDA:59,7,0,1482
BRDA:59,7,1,1480
BRDA:70,8,0,774
BRDA:70,8,1,197
BRDA:70,9,0,971
BRDA:70,9,1,199
BRDA:71,10,0,195
BRDA:71,10,1,2
BRDA:74,11,0,926
BRDA:74,11,1,926
BRDA:84,12,0,1358
BRDA:84,12,1,1476
BRDA:115,13,0,134
BRDA:115,13,1,7051
BRDA:117,14,0,77
BRDA:117,14,1,57
BRDA:122,15,0,23
BRDA:122,15,1,7028
BRDA:122,16,0,7051
BRDA:122,16,1,23
BRDA:133,17,0,184
BRDA:133,17,1,253
BRDA:142,18,0,23
BRDA:142,18,1,10
BRDA:142,19,0,33
BRDA:142,19,1,33
BRDA:143,20,0,23
BRDA:143,20,1,9
BRDA:143,20,2,1
BRDA:145,21,0,4
BRDA:145,21,1,6
BRDA:151,22,0,2
BRDA:151,22,1,8
BRDA:168,23,0,5
BRDA:168,23,1,211
BRDA:172,24,0,195
BRDA:172,24,1,16
BRDA:172,25,0,211
BRDA:172,25,1,195
BRDA:176,26,0,2
BRDA:176,26,1,14
BRDA:179,27,0,2
BRDA:179,27,1,12
BRDA:183,28,0,10
BRDA:183,28,1,2
BRDA:196,29,0,165
BRDA:196,29,1,299
BRDA:197,30,0,260
BRDA:197,30,1,204
BRDA:386,31,0,10
BRDA:386,31,1,0
BRDA:386,32,0,10
BRDA:386,32,1,4
BRDA:387,33,0,1
BRDA:387,33,1,9
BRDA:425,34,0,1
BRDA:425,34,1,172
BRDA:426,35,0,2
BRDA:426,35,1,170
BRDA:429,36,0,6
BRDA:429,36,1,167
BRDA:432,37,0,168
BRDA:432,37,1,5
BRDA:442,38,0,0
BRDA:442,38,1,5
BRDA:466,39,0,248
BRDA:466,39,1,242
BRDA:487,40,0,6
BRDA:487,40,1,3
BRDA:495,41,0,0
BRDA:495,41,1,112
BRDA:495,42,0,112
BRDA:495,42,1,0
BRDA:495,42,2,0
BRDA:516,43,0,26
BRDA:516,43,1,222
BRDA:517,44,0,25
BRDA:517,44,1,1
BRDA:522,45,0,1
BRDA:522,45,1,0
BRDA:533,46,0,1
BRDA:533,46,1,221
BRDA:539,47,0,1
BRDA:539,47,1,220
BRDA:543,48,0,0
BRDA:543,48,1,2
BRDA:557,49,0,12
BRDA:557,49,1,208
BRDA:565,50,0,78
BRDA:565,50,1,142
BRDA:565,51,0,220
BRDA:565,51,1,196
BRDA:568,52,0,75
BRDA:568,52,1,3
BRDA:585,53,0,2
BRDA:585,53,1,1
BRDA:591,54,0,1
BRDA:591,54,1,2
BRDA:596,55,0,10
BRDA:596,55,1,132
BRDA:602,56,0,7
BRDA:602,56,1,9
BRDA:626,57,0,33
BRDA:626,57,1,21
BRDA:629,58,0,21
BRDA:629,58,1,0
BRDA:636,59,0,21
BRDA:636,59,1,111
BRDA:641,60,0,20
BRDA:641,60,1,91
BRDA:648,61,0,5
BRDA:648,61,1,41
BRDA:649,62,0,5
BRDA:649,62,1,0
BRDA:650,63,0,0
BRDA:650,63,1,5
BRDA:650,64,0,5
BRDA:650,64,1,0
BRDA:659,65,0,0
BRDA:659,65,1,20
BRDA:661,66,0,5
BRDA:661,66,1,21
BRDA:664,67,0,0
BRDA:664,67,1,5
BRDA:664,68,0,5
BRDA:664,68,1,0
BRDA:666,69,0,5
BRDA:666,69,1,0
BRDA:667,70,0,3
BRDA:667,70,1,2
BRDA:673,71,0,0
BRDA:673,71,1,5
BRDA:679,72,0,5
BRDA:679,72,1,15
BRDA:688,73,0,24
BRDA:688,73,1,67
BRDA:696,74,0,9
BRDA:696,74,1,15
BRDA:703,75,0,15
BRDA:703,75,1,3
BRDA:708,76,0,2
BRDA:708,76,1,15
BRDA:718,77,0,4
BRDA:718,77,1,11
BRDA:725,78,0,4
BRDA:725,78,1,5
BRDA:730,79,0,4
BRDA:730,79,1,5
BRDA:744,80,0,4
BRDA:744,80,1,20
BRDA:754,81,0,1
BRDA:754,81,1,4
BRDA:759,82,0,1
BRDA:759,82,1,3
BRDA:762,83,0,3
BRDA:762,83,1,0
BRDA:776,84,0,1
BRDA:776,84,1,2
BRDA:797,85,0,8
BRDA:797,85,1,99
BRDA:807,86,0,97
BRDA:807,86,1,76
BRDA:809,87,0,168
BRDA:809,87,1,5
BRDA:811,88,0,170
BRDA:811,88,1,3
BRF:180
BRH:163
end_of_record
